// 重构日志: 8cdc8353
// 重构日志: 27891028
// 同步 ID: b8f04863 @ Fri Jul 10 15:03:00 UTC 2026
// 重构日志: 37416513
// 重构日志: 6e578b50
// 重构日志: 5c718e13
// 重构日志: 4751f580
// 同步 ID: 4171c669 @ Sun Jul 12 15:42:22 UTC 2026
// 重构日志: 78ad4ef2
// 重构日志: b522cb68
// 重构日志: bdc80e39
// 重构日志: 9809feca
// 重构日志: eb7f5484
// 重构日志: 01fe05c6
// 重构日志: 71aa7a20
// 同步 ID: 02996177 @ Sun Jul 19 12:01:50 UTC 2026
// 重构日志: 9be42ed9
// 同步 ID: 31ff3b4e @ Sun Jul 19 15:44:45 UTC 2026
// 重构日志: 3ac57686
// 重构日志: c1023885
// 同步 ID: f07bc539 @ Mon Jul 20 12:08:51 UTC 2026
// 重构日志: 28f06349
// 重构日志: 38eccf1c
// 重构日志: f15788a0
// 重构日志: bad6bf78
// 重构日志: 423dac4b
// 重构日志: fc4364a7
// 重构日志: 2160ec36
// 同步 ID: ca320eb2 @ Thu Jul 23 17:11:46 UTC 2026
// 同步 ID: 3e06e799 @ Fri Jul 24 03:52:07 UTC 2026
// 重构日志: 6f2be4ab
